<?xml version="1.0" encoding="UTF-8"?>
<!-- Generated by org.testng.reporters.JUnitReportReporter -->
<testsuite skipped="0" hostname="DESKTOP-A9RI6U7" name="com.kite.qa.testcases.NewTest1" tests="1" failures="0" timestamp="2019-04-09T00:54:28 IST" time="0.015" errors="0">
  <testcase name="f" time="0.015" classname="com.kite.qa.testcases.NewTest1"/>
</testsuite> <!-- com.kite.qa.testcases.NewTest1 -->
